<?xml version="1.0" encoding="UTF-8"?>
<!-- Generated by org.testng.reporters.JUnitXMLReporter -->
<testsuite ignored="0" hostname="LAPTOP-CRAP0BHH" failures="0" tests="5" name="Test" time="0.108" errors="0" timestamp="2025-03-20T22:57:33 IST">
  <testcase classname="com.ignite.optum.Annotatio3" name="count" time="0.017"/>
  <testcase classname="com.ignite.optum.Annotatio3" name="count" time="0.002"/>
  <testcase classname="com.ignite.optum.Annotatio3" name="group" time="0.003"/>
  <testcase classname="com.ignite.optum.Annotatio3" name="test2" time="0.006"/>
  <testcase classname="com.ignite.optum.Annotatio3" name="test3" time="0.002"/>
</testsuite> <!-- Test -->
