<?xml version="1.0" encoding="UTF-8"?>
<!-- Generated by org.testng.reporters.JUnitXMLReporter -->
<testsuite ignored="1" hostname="LAPTOP-CRAP0BHH" failures="0" tests="1" name="Test2" time="0.009" errors="0" timestamp="2025-02-02T23:01:00 IST">
  <testcase classname="com.ignite.optum.TestNGAnnotationPart2" name="testAnn2" time="0.002"/>
  <testcase classname="com.ignite.optum.TestNGAnnotationPart2" name="testAnn1" time="0.0">
    <ignored/>
  </testcase> <!-- testAnn1 -->
</testsuite> <!-- Test2 -->
