<?xml version="1.0" encoding="UTF-8"?>
<!-- Generated by org.testng.reporters.JUnitXMLReporter -->
<testsuite ignored="0" hostname="LAPTOP-CRAP0BHH" failures="0" tests="5" name="Test" time="0.095" errors="0" timestamp="2025-03-16T22:39:34 IST">
  <testcase classname="com.ignite.optum.Annotatio3" name="count" time="0.018"/>
  <testcase classname="com.ignite.optum.Annotatio3" name="count" time="0.002"/>
  <testcase classname="com.ignite.optum.Annotatio3" name="group" time="0.003"/>
  <testcase classname="com.ignite.optum.Annotatio3" name="test2" time="0.004"/>
  <testcase classname="com.ignite.optum.Annotatio3" name="test3" time="0.001"/>
</testsuite> <!-- Test -->
