<?xml version="1.0" encoding="UTF-8"?>
<!-- Generated by org.testng.reporters.JUnitXMLReporter -->
<testsuite ignored="3" hostname="LAPTOP-CRAP0BHH" failures="1" tests="1" name="Surefire test(failed)" time="0.086" errors="0" timestamp="2025-03-13T13:00:07 IST">
  <testcase classname="com.ignite.optum.Annotatio3" name="test2" time="0.021">
    <failure type="junit.framework.ComparisonFailure" message="expected:&amp;lt;a...&amp;gt; but was:&amp;lt;b...&amp;gt;">
      <![CDATA[junit.framework.ComparisonFailure: expected:<a...> but was:<b...>
at junit.framework.Assert.assertEquals(Assert.java:81)
at junit.framework.Assert.assertEquals(Assert.java:87)
at com.ignite.optum.Annotatio3.test2(Annotatio3.java:18)
at java.base/java.util.ArrayList.forEach(ArrayList.java:1597)
... Removed 25 stack frames]]>
    </failure>
  </testcase> <!-- test2 -->
  <testcase classname="com.ignite.optum.Annotatio3" name="group" time="0.0">
    <ignored/>
  </testcase> <!-- group -->
  <testcase classname="com.ignite.optum.Annotatio3" name="count" time="0.0">
    <ignored/>
  </testcase> <!-- count -->
  <testcase classname="com.ignite.optum.Annotatio3" name="test3" time="0.0">
    <ignored/>
  </testcase> <!-- test3 -->
</testsuite> <!-- Surefire test(failed) -->
