<?xml version="1.0" encoding="UTF-8"?>
<!-- Generated by org.testng.reporters.JUnitXMLReporter -->
<testsuite ignored="1" hostname="LAPTOP-CRAP0BHH" failures="0" tests="1" name="Default test" time="2.829" errors="0" timestamp="2025-03-25T15:06:41 IST">
  <testcase classname="RestAssured.getHttpRequest" name="getHttpRequest" time="2.783"/>
  <testcase classname="RestAssured.getHttpRequest" name="postHttpRequest" time="0.0">
    <ignored/>
  </testcase> <!-- postHttpRequest -->
</testsuite> <!-- Default test -->
