<?xml version="1.0" encoding="UTF-8"?>
<!-- Generated by org.testng.reporters.JUnitXMLReporter -->
<testsuite ignored="4" hostname="LAPTOP-CRAP0BHH" failures="0" tests="0" time="0.014" errors="0" timestamp="2025-03-13T12:50:48 IST">
  <testcase classname="com.ignite.optum.Annotatio3" name="group" time="0.0">
    <ignored/>
  </testcase> <!-- group -->
  <testcase classname="com.ignite.optum.Annotatio3" name="count" time="0.0">
    <ignored/>
  </testcase> <!-- count -->
  <testcase classname="com.ignite.optum.Annotatio3" name="test2" time="0.0">
    <ignored/>
  </testcase> <!-- test2 -->
  <testcase classname="com.ignite.optum.Annotatio3" name="test3" time="0.0">
    <ignored/>
  </testcase> <!-- test3 -->
</testsuite>
