<?xml version="1.0" encoding="UTF-8"?>
<testng-results ignored="1" total="2" passed="1" failed="0" skipped="0">
  <reporter-output>
  </reporter-output>
  <suite started-at="2025-03-25T15:06:38 IST" name="Default suite" finished-at="2025-03-25T15:06:41 IST" duration-ms="2829">
    <groups>
    </groups>
    <test started-at="2025-03-25T15:06:38 IST" name="Default test" finished-at="2025-03-25T15:06:41 IST" duration-ms="2829">
      <class name="RestAssured.getHttpRequest">
        <test-method signature="getHttpRequest()[pri:0, instance:RestAssured.getHttpRequest@b91d8c4]" started-at="2025-03-25T15:06:38 IST" name="getHttpRequest" finished-at="2025-03-25T15:06:41 IST" duration-ms="2783" status="PASS">
          <reporter-output>
          </reporter-output>
        </test-method> <!-- getHttpRequest -->
      </class> <!-- RestAssured.getHttpRequest -->
    </test> <!-- Default test -->
  </suite> <!-- Default suite -->
</testng-results>
